<?xml version="1.0" encoding="UTF-8"?>
<!-- Generated by org.testng.reporters.JUnitReportReporter -->
<testsuite hostname="DESKTOP-RL8SVL3" failures="0" tests="3" name="Utility.Review_Test" time="0.035" errors="0" timestamp="2023-06-30T20:47:47 IST" skipped="0">
  <testcase classname="Utility.Review_Test" name="Verify_signin" time="0.009"/>
  <testcase classname="Utility.Review_Test" name="Verify_HomePage" time="0.021"/>
  <testcase classname="Utility.Review_Test" name="Verify_Login" time="0.005"/>
</testsuite> <!-- Utility.Review_Test -->
