<?xml version="1.0" encoding="UTF-8"?>
<!-- Generated by org.testng.reporters.JUnitReportReporter -->
<testsuite hostname="DESKTOP-UVHK7A9" failures="0" tests="1" name="Utility.Test_D" time="0.016" errors="0" timestamp="2023-06-27T10:29:39 IST" skipped="0">
  <testcase classname="Utility.Test_D" name="testing" time="0.016"/>
  <system-out/>
</testsuite> <!-- Utility.Test_D -->
