<?xml version="1.0" encoding="UTF-8"?>
<!-- Generated by org.testng.reporters.JUnitReportReporter -->
<testsuite hostname="DESKTOP-0I4KNGH" failures="0" tests="1" name="Utility.Test_git" time="0.039" errors="0" timestamp="2023-06-27T19:50:12 IST" skipped="0">
  <testcase classname="Utility.Test_git" name="verifyFacebook" time="0.039"/>
</testsuite> <!-- Utility.Test_git -->
