<?xml version="1.0" encoding="UTF-8"?>
<!-- Generated by org.testng.reporters.JUnitReportReporter -->
<testsuite hostname="DESKTOP-RL8SVL3" failures="0" tests="1" name="Utility.Test_try_example" time="0.018" errors="0" timestamp="2023-06-27T19:42:03 IST" skipped="0">
  <testcase classname="Utility.Test_try_example" name="example" time="0.018"/>
</testsuite> <!-- Utility.Test_try_example -->
