<?xml version="1.0" encoding="UTF-8"?>
<!-- Generated by org.testng.reporters.JUnitReportReporter -->
<testsuite hostname="DESKTOP-RL8SVL3" failures="0" tests="1" name="Utility.Test_RD" time="0.021" errors="0" timestamp="2023-06-28T20:16:04 IST" skipped="0">
  <testcase classname="Utility.Test_RD" name="verify" time="0.021"/>
</testsuite> <!-- Utility.Test_RD -->
