<?xml version="1.0" encoding="UTF-8"?>
<!-- Generated by org.testng.reporters.JUnitReportReporter -->
<testsuite hostname="DESKTOP-FI61DP1" failures="0" tests="1" name="Utility.Verify_Payment" time="0.009" errors="0" timestamp="2023-06-30T09:42:30 IST" skipped="0">
  <testcase classname="Utility.Verify_Payment" name="VerifyPayment" time="0.009"/>
</testsuite> <!-- Utility.Verify_Payment -->
