<?xml version="1.0" encoding="UTF-8"?>
<!-- Generated by org.testng.reporters.JUnitReportReporter -->
<testsuite hostname="DESKTOP-FI61DP1" failures="0" tests="1" name="Utility.Test_LD" time="0.011" errors="0" timestamp="2023-06-28T20:38:29 IST" skipped="0">
  <testcase classname="Utility.Test_LD" name="Verity_TestLD" time="0.011"/>
</testsuite> <!-- Utility.Test_LD -->
