<?xml version="1.0" encoding="UTF-8"?>
<!-- Generated by org.testng.reporters.JUnitReportReporter -->
<testsuite hostname="Hp" failures="0" tests="2" name="Utility.Test_v" time="0.119" errors="0" timestamp="2023-06-30T19:39:39 IST" skipped="0">
  <testcase classname="Utility.Test_v" name="m2" time="0.047"/>
  <testcase classname="Utility.Test_v" name="verifylogin" time="0.072"/>
</testsuite> <!-- Utility.Test_v -->
