<?xml version="1.0" encoding="UTF-8"?>
<!-- Generated by org.testng.reporters.JUnitReportReporter -->
<testsuite hostname="DESKTOP-FI61DP1" failures="0" tests="1" name="Utility.Test1_login" time="0.009" errors="0" timestamp="2023-07-01T09:58:55 IST" skipped="0">
  <testcase classname="Utility.Test1_login" name="Test1" time="0.009"/>
</testsuite> <!-- Utility.Test1_login -->
