<?xml version="1.0" encoding="UTF-8"?>
<!-- Generated by org.testng.reporters.JUnitReportReporter -->
<testsuite hostname="DESKTOP-0I4KNGH" failures="0" tests="1" name="Utility.Test_6" time="0.030" errors="0" timestamp="2023-06-27T19:35:07 IST" skipped="0">
  <testcase classname="Utility.Test_6" name="verifyloginpage" time="0.030"/>
</testsuite> <!-- Utility.Test_6 -->
