<?xml version="1.0" encoding="UTF-8"?>
<!-- Generated by org.testng.reporters.JUnitReportReporter -->
<testsuite hostname="DESKTOP-RL8SVL3" failures="0" tests="1" name="Utility.Test_DRD" time="0.020" errors="0" timestamp="2023-06-30T20:53:33 IST" skipped="0">
  <testcase classname="Utility.Test_DRD" name="R1" time="0.020"/>
</testsuite> <!-- Utility.Test_DRD -->
