<?xml version="1.0" encoding="UTF-8"?>
<!-- Generated by org.testng.reporters.JUnitReportReporter -->
<testsuite hostname="DESKTOP-FI61DP1" failures="0" tests="1" name="Utility.Test_6_try" time="0.010" errors="0" timestamp="2023-06-27T01:03:38 IST" skipped="0">
  <testcase classname="Utility.Test_6_try" name="Try" time="0.010"/>
</testsuite> <!-- Utility.Test_6_try -->
